2025-08-31 10:56:29,442 [    750]   WARN - #c.i.o.v.n.p.FSRecords - Records storage [C:\Users\ASUS\AppData\Local\JetBrains\IntelliJIdea2025.1\caches\records.dat] was in use by process [OwnershipInfo{owner pid: 19576, acquired at: 1756655743317}] which is not exist now (wasn't closed properly/crashed?) -> re-acquiring forcibly
2025-08-31 10:56:29,483 [    791]   WARN - #c.i.o.v.n.p.PersistentFSLoader - [VFS load problem]: VFS wasn't safely shut down: records.wasClosedProperly is false
2025-08-31 10:56:32,088 [   3396]   WARN - #c.i.o.v.n.p.PersistentFSLoader - [VFS load problem]: NOT_CLOSED_PROPERLY recovered, no problems remain
2025-08-31 10:56:36,423 [   7731]   WARN - #c.i.e.w.WslDistributionManager - Failed to run C:\WINDOWS\system32\wsl.exe --list --verbose: {exitCode=1, timeout=false, cancelled=false, stdout=, stderr=El Subsistema de Windows para Linux no está instalado. Para instalar, ejecute "wsl.exe --install".
Para obtener más información, visite https://aka.ms/wslinstall
}, done in 123 ms
java.io.IOException: Failed to run C:\WINDOWS\system32\wsl.exe --list --verbose: {exitCode=1, timeout=false, cancelled=false, stdout=, stderr=El Subsistema de Windows para Linux no está instalado. Para instalar, ejecute "wsl.exe --install".
Para obtener más información, visite https://aka.ms/wslinstall
}, done in 123 ms
	at com.intellij.execution.wsl.WslDistributionManagerImpl.loadInstalledDistributionsWithVersions(WslDistributionManagerImpl.java:85)
	at com.intellij.execution.wsl.WslDistributionManager.loadInstalledDistributions(WslDistributionManager.java:172)
	at com.intellij.execution.wsl.WslDistributionManager.getInstalledDistributions(WslDistributionManager.java:91)
	at com.intellij.execution.wsl.ijent.nio.toggle.IjentWslNioFsToggleStrategy.enableForAllWslDistributions(IjentNioFsStrategy.kt:60)
	at com.intellij.execution.wsl.ijent.nio.toggle.IjentWslNioFsToggler.enableForAllWslDistributions(IjentWslNioFsToggler.kt:43)
	at com.intellij.idea.SystemHealthMonitor.checkEelVmOptions(SystemHealthMonitor.kt:320)
	at com.intellij.idea.SystemHealthMonitor.start$intellij_platform_ide_bootstrap(SystemHealthMonitor.kt:83)
	at com.intellij.idea.SystemHealthMonitor$start$1.invokeSuspend(SystemHealthMonitor.kt)
	at kotlin.coroutines.jvm.internal.BaseContinuationImpl.resumeWith(ContinuationImpl.kt:33)
	at kotlinx.coroutines.DispatchedTask.run(DispatchedTask.kt:104)
	at kotlinx.coroutines.scheduling.CoroutineScheduler.runSafely(CoroutineScheduler.kt:608)
	at kotlinx.coroutines.scheduling.CoroutineScheduler$Worker.executeTask(CoroutineScheduler.kt:873)
	at kotlinx.coroutines.scheduling.CoroutineScheduler$Worker.runWorker(CoroutineScheduler.kt:763)
	at kotlinx.coroutines.scheduling.CoroutineScheduler$Worker.run(CoroutineScheduler.kt:750)
2025-08-31 10:56:36,436 [   7744]   WARN - #c.i.s.c.i.StationSocketConnectionLoop - Discovery connection failed with AnnotatedConnectException(ConnectException) (Connection refused: connect: C:\Users\ASUS\AppData\Local\Temp\jb.station.ASUS.sock)
2025-08-31 10:56:39,101 [  10409]   WARN - #c.i.o.v.n.p.PersistentFSImpl - file[47121, flags: 4]: top parent (id: 1968, name: 'jdk-24', flags: 774 parent: 0), is still not in the idToDirCache. path: [45484, 37324, 5182, 1968] [/jdk-24/java.base/java/lang], cachedRoots.size(=73), roots.size(=73), pfs.roots.contains(1968)=false, fs.roots.contains(1968)=true, non-cached roots: 0, cached non-roots: 0, FS roots not PFS roots: 111: 

2025-08-31 10:56:39,148 [  10456]   WARN - #c.i.o.v.n.p.PersistentFSImpl - file[47121, flags: 4]: top parent (id: 1968, name: 'jdk-24', flags: 774 parent: 0), is still not in the idToDirCache. path: [45484, 37324, 5182, 1968] [/jdk-24/java.base/java/lang], cachedRoots.size(=73), roots.size(=73), pfs.roots.contains(1968)=false, fs.roots.contains(1968)=true, non-cached roots: 0, cached non-roots: 0, FS roots not PFS roots: 111: 

2025-08-31 10:56:40,308 [  11616]   WARN - #c.i.o.a.i.ActionUpdater - 2351 ms to call on BGT DefaultActionGroup#children@ToolwindowTitle (DefaultActionGroup)
2025-08-31 10:56:43,789 [  15097] SEVERE - #c.i.o.a.i.FlushQueue - Job was cancelled
java.lang.Throwable: Control-flow exceptions (e.g. this class kotlinx.coroutines.JobCancellationException) should never be logged. Instead, these should have been rethrown if caught.
	at com.intellij.openapi.diagnostic.Logger.ensureNotControlFlow(Logger.java:503)
	at com.intellij.idea.IdeaLogger.doLogError(IdeaLogger.java:139)
	at com.intellij.idea.IdeaLogger.error(IdeaLogger.java:130)
	at com.intellij.openapi.diagnostic.Logger.error(Logger.java:439)
	at com.intellij.openapi.application.impl.FlushQueue.runNextEvent(FlushQueue.java:126)
	at com.intellij.openapi.application.impl.FlushQueue.flushNow(FlushQueue.java:43)
	at java.desktop/java.awt.event.InvocationEvent.dispatch(InvocationEvent.java:318)
	at java.desktop/java.awt.EventQueue.dispatchEventImpl(EventQueue.java:781)
	at java.desktop/java.awt.EventQueue$4.run(EventQueue.java:728)
	at java.desktop/java.awt.EventQueue$4.run(EventQueue.java:722)
	at java.base/java.security.AccessController.doPrivileged(AccessController.java:400)
	at java.base/java.security.ProtectionDomain$JavaSecurityAccessImpl.doIntersectionPrivilege(ProtectionDomain.java:87)
	at java.desktop/java.awt.EventQueue.dispatchEvent(EventQueue.java:750)
	at com.intellij.ide.IdeEventQueue.defaultDispatchEvent(IdeEventQueue.kt:585)
	at com.intellij.ide.IdeEventQueue._dispatchEvent(IdeEventQueue.kt:482)
	at com.intellij.ide.IdeEventQueue.dispatchEvent$lambda$12$lambda$11$lambda$10$lambda$9(IdeEventQueue.kt:307)
	at com.intellij.openapi.progress.impl.CoreProgressManager.computePrioritized(CoreProgressManager.java:864)
	at com.intellij.ide.IdeEventQueue.dispatchEvent$lambda$12$lambda$11$lambda$10(IdeEventQueue.kt:306)
	at com.intellij.ide.IdeEventQueueKt.performActivity$lambda$3(IdeEventQueue.kt:958)
	at com.intellij.openapi.application.TransactionGuardImpl.performActivity(TransactionGuardImpl.java:117)
	at com.intellij.ide.IdeEventQueueKt.performActivity(IdeEventQueue.kt:958)
	at com.intellij.ide.IdeEventQueue.dispatchEvent$lambda$12(IdeEventQueue.kt:301)
	at com.intellij.ide.IdeEventQueue.dispatchEvent(IdeEventQueue.kt:341)
	at com.intellij.openapi.progress.impl.PlatformTaskSupportKt.pumpEventsForHierarchy(PlatformTaskSupport.kt:648)
	at com.intellij.openapi.progress.impl.PlatformTaskSupportKt.pumpEventsForHierarchy(PlatformTaskSupport.kt:656)
	at com.intellij.ide.ShutdownKt.cancelAndJoinBlocking$lambda$2(shutdown.kt:41)
	at com.intellij.ide.ShutdownKt.cancelAndJoinBlocking(shutdown.kt:84)
	at com.intellij.ide.ShutdownKt.cancelAndJoinBlocking(shutdown.kt:36)
	at com.intellij.openapi.application.impl.ApplicationImpl.disposeContainer(ApplicationImpl.java:211)
	at com.intellij.openapi.application.impl.ApplicationImpl.destructApplication(ApplicationImpl.java:720)
	at com.intellij.openapi.application.impl.ApplicationImpl.doExit(ApplicationImpl.java:646)
	at com.intellij.openapi.application.impl.ApplicationImpl.exit(ApplicationImpl.java:631)
	at com.intellij.openapi.application.impl.ApplicationImpl.exit(ApplicationImpl.java:620)
	at com.intellij.openapi.application.ex.ApplicationEx.exit(ApplicationEx.java:56)
	at com.intellij.openapi.wm.impl.CloseProjectWindowHelper.quitApp(CloseProjectWindowHelper.kt:102)
	at com.intellij.openapi.wm.impl.CloseProjectWindowHelper.windowClosing$lambda$2(CloseProjectWindowHelper.kt:81)
	at com.intellij.openapi.application.WriteIntentReadAction.lambda$run$0(WriteIntentReadAction.java:24)
	at com.intellij.openapi.application.impl.AnyThreadWriteThreadingSupport.runWriteIntentReadAction$lambda$6(AnyThreadWriteThreadingSupport.kt:274)
	at com.intellij.openapi.application.impl.AnyThreadWriteThreadingSupport.runWithTemporaryThreadLocal(AnyThreadWriteThreadingSupport.kt:204)
	at com.intellij.openapi.application.impl.AnyThreadWriteThreadingSupport.runWriteIntentReadAction(AnyThreadWriteThreadingSupport.kt:274)
	at com.intellij.openapi.application.impl.AnyThreadWriteThreadingSupport.runWriteIntentReadAction(AnyThreadWriteThreadingSupport.kt:222)
	at com.intellij.openapi.application.impl.ApplicationImpl.runWriteIntentReadAction(ApplicationImpl.java:1009)
	at com.intellij.openapi.application.WriteIntentReadAction.compute(WriteIntentReadAction.java:55)
	at com.intellij.openapi.application.WriteIntentReadAction.run(WriteIntentReadAction.java:23)
	at com.intellij.openapi.wm.impl.CloseProjectWindowHelper.windowClosing(CloseProjectWindowHelper.kt:64)
	at com.intellij.openapi.wm.impl.ProjectFrameHelper.windowClosing(ProjectFrameHelper.kt:551)
	at com.intellij.openapi.wm.impl.WindowCloseListener.windowClosing(ProjectFrameHelper.kt:591)
	at java.desktop/java.awt.AWTEventMulticaster.windowClosing(AWTEventMulticaster.java:357)
	at java.desktop/java.awt.Window.processWindowEvent(Window.java:2115)
	at java.desktop/javax.swing.JFrame.processWindowEvent(JFrame.java:298)
	at java.desktop/java.awt.Window.processEvent(Window.java:2074)
	at java.desktop/java.awt.Component.dispatchEventImpl(Component.java:5043)
	at java.desktop/java.awt.Container.dispatchEventImpl(Container.java:2324)
	at java.desktop/java.awt.Window.dispatchEventImpl(Window.java:2810)
	at java.desktop/java.awt.Component.dispatchEvent(Component.java:4871)
	at java.desktop/java.awt.EventQueue.dispatchEventImpl(EventQueue.java:783)
	at java.desktop/java.awt.EventQueue$4.run(EventQueue.java:728)
	at java.desktop/java.awt.EventQueue$4.run(EventQueue.java:722)
	at java.base/java.security.AccessController.doPrivileged(AccessController.java:400)
	at java.base/java.security.ProtectionDomain$JavaSecurityAccessImpl.doIntersectionPrivilege(ProtectionDomain.java:87)
	at java.base/java.security.ProtectionDomain$JavaSecurityAccessImpl.doIntersectionPrivilege(ProtectionDomain.java:98)
	at java.desktop/java.awt.EventQueue$5.run(EventQueue.java:755)
	at java.desktop/java.awt.EventQueue$5.run(EventQueue.java:753)
	at java.base/java.security.AccessController.doPrivileged(AccessController.java:400)
	at java.base/java.security.ProtectionDomain$JavaSecurityAccessImpl.doIntersectionPrivilege(ProtectionDomain.java:87)
	at java.desktop/java.awt.EventQueue.dispatchEvent(EventQueue.java:752)
	at com.intellij.ide.IdeEventQueue.defaultDispatchEvent(IdeEventQueue.kt:585)
	at com.intellij.ide.IdeEventQueue._dispatchEvent(IdeEventQueue.kt:482)
	at com.intellij.ide.IdeEventQueue.dispatchEvent$lambda$12$lambda$11$lambda$10$lambda$9(IdeEventQueue.kt:307)
	at com.intellij.openapi.progress.impl.CoreProgressManager.computePrioritized(CoreProgressManager.java:864)
	at com.intellij.ide.IdeEventQueue.dispatchEvent$lambda$12$lambda$11$lambda$10(IdeEventQueue.kt:306)
	at com.intellij.ide.IdeEventQueueKt.performActivity$lambda$3(IdeEventQueue.kt:958)
	at com.intellij.openapi.application.TransactionGuardImpl.performActivity(TransactionGuardImpl.java:117)
	at com.intellij.ide.IdeEventQueueKt.performActivity(IdeEventQueue.kt:958)
	at com.intellij.ide.IdeEventQueue.dispatchEvent$lambda$12(IdeEventQueue.kt:301)
	at com.intellij.ide.IdeEventQueue.dispatchEvent(IdeEventQueue.kt:341)
	at java.desktop/java.awt.EventDispatchThread.pumpOneEventForFilters(EventDispatchThread.java:207)
	at java.desktop/java.awt.EventDispatchThread.pumpEventsForFilter(EventDispatchThread.java:128)
	at java.desktop/java.awt.EventDispatchThread.pumpEventsForHierarchy(EventDispatchThread.java:117)
	at java.desktop/java.awt.EventDispatchThread.pumpEvents(EventDispatchThread.java:113)
	at java.desktop/java.awt.EventDispatchThread.pumpEvents(EventDispatchThread.java:105)
	at java.desktop/java.awt.EventDispatchThread.run(EventDispatchThread.java:92)
Caused by: kotlinx.coroutines.JobCancellationException: Job was cancelled; job="ApplicationImpl@796935445 container":supervisor:ChildScope{Cancelling}@1c31d3fc
	Suppressed: com.intellij.util.ExceptionUtilRt$RethrownStack: Rethrown at
		at com.intellij.util.ExceptionUtilRt.addRethrownStackAsSuppressed(ExceptionUtilRt.java:41)
		at com.intellij.util.ExceptionUtilRt.rethrowUnchecked(ExceptionUtilRt.java:17)
		at com.intellij.util.ExceptionUtil.rethrowUnchecked(ExceptionUtil.java:131)
		at com.intellij.util.ExceptionUtil.rethrow(ExceptionUtil.java:146)
		at com.intellij.idea.IdeaLogger.doLogError(IdeaLogger.java:140)
		at com.intellij.idea.IdeaLogger.error(IdeaLogger.java:130)
		at com.intellij.openapi.diagnostic.Logger.error(Logger.java:439)
		at com.intellij.openapi.application.impl.FlushQueue.runNextEvent(FlushQueue.java:126)
		at com.intellij.openapi.application.impl.FlushQueue.flushNow(FlushQueue.java:43)
		at java.desktop/java.awt.event.InvocationEvent.dispatch(InvocationEvent.java:318)
		at java.desktop/java.awt.EventQueue.dispatchEventImpl(EventQueue.java:781)
		at java.desktop/java.awt.EventQueue$4.run(EventQueue.java:728)
		at java.desktop/java.awt.EventQueue$4.run(EventQueue.java:722)
		at java.base/java.security.AccessController.doPrivileged(AccessController.java:400)
		at java.base/java.security.ProtectionDomain$JavaSecurityAccessImpl.doIntersectionPrivilege(ProtectionDomain.java:87)
		at java.desktop/java.awt.EventQueue.dispatchEvent(EventQueue.java:750)
		at com.intellij.ide.IdeEventQueue.defaultDispatchEvent(IdeEventQueue.kt:585)
		at com.intellij.ide.IdeEventQueue._dispatchEvent(IdeEventQueue.kt:482)
		at com.intellij.ide.IdeEventQueue.dispatchEvent$lambda$12$lambda$11$lambda$10$lambda$9(IdeEventQueue.kt:307)
		at com.intellij.openapi.progress.impl.CoreProgressManager.computePrioritized(CoreProgressManager.java:864)
		at com.intellij.ide.IdeEventQueue.dispatchEvent$lambda$12$lambda$11$lambda$10(IdeEventQueue.kt:306)
		at com.intellij.ide.IdeEventQueueKt.performActivity$lambda$3(IdeEventQueue.kt:958)
		at com.intellij.openapi.application.TransactionGuardImpl.performActivity(TransactionGuardImpl.java:117)
		at com.intellij.ide.IdeEventQueueKt.performActivity(IdeEventQueue.kt:958)
		at com.intellij.ide.IdeEventQueue.dispatchEvent$lambda$12(IdeEventQueue.kt:301)
		at com.intellij.ide.IdeEventQueue.dispatchEvent(IdeEventQueue.kt:341)
		at com.intellij.openapi.progress.impl.PlatformTaskSupportKt.pumpEventsForHierarchy(PlatformTaskSupport.kt:648)
		at com.intellij.openapi.progress.impl.PlatformTaskSupportKt.pumpEventsForHierarchy(PlatformTaskSupport.kt:656)
		at com.intellij.ide.ShutdownKt.cancelAndJoinBlocking$lambda$2(shutdown.kt:41)
		at com.intellij.ide.ShutdownKt.cancelAndJoinBlocking(shutdown.kt:84)
		at com.intellij.ide.ShutdownKt.cancelAndJoinBlocking(shutdown.kt:36)
		at com.intellij.openapi.application.impl.ApplicationImpl.disposeContainer(ApplicationImpl.java:211)
		at com.intellij.openapi.application.impl.ApplicationImpl.destructApplication(ApplicationImpl.java:720)
		at com.intellij.openapi.application.impl.ApplicationImpl.doExit(ApplicationImpl.java:646)
		at com.intellij.openapi.application.impl.ApplicationImpl.exit(ApplicationImpl.java:631)
		at com.intellij.openapi.application.impl.ApplicationImpl.exit(ApplicationImpl.java:620)
		at com.intellij.openapi.application.ex.ApplicationEx.exit(ApplicationEx.java:56)
		at com.intellij.openapi.wm.impl.CloseProjectWindowHelper.quitApp(CloseProjectWindowHelper.kt:102)
		at com.intellij.openapi.wm.impl.CloseProjectWindowHelper.windowClosing$lambda$2(CloseProjectWindowHelper.kt:81)
		at com.intellij.openapi.application.WriteIntentReadAction.lambda$run$0(WriteIntentReadAction.java:24)
		at com.intellij.openapi.application.impl.AnyThreadWriteThreadingSupport.runWriteIntentReadAction$lambda$6(AnyThreadWriteThreadingSupport.kt:274)
		at com.intellij.openapi.application.impl.AnyThreadWriteThreadingSupport.runWithTemporaryThreadLocal(AnyThreadWriteThreadingSupport.kt:204)
		at com.intellij.openapi.application.impl.AnyThreadWriteThreadingSupport.runWriteIntentReadAction(AnyThreadWriteThreadingSupport.kt:274)
		at com.intellij.openapi.application.impl.AnyThreadWriteThreadingSupport.runWriteIntentReadAction(AnyThreadWriteThreadingSupport.kt:222)
		at com.intellij.openapi.application.impl.ApplicationImpl.runWriteIntentReadAction(ApplicationImpl.java:1009)
		at com.intellij.openapi.application.WriteIntentReadAction.compute(WriteIntentReadAction.java:55)
		at com.intellij.openapi.application.WriteIntentReadAction.run(WriteIntentReadAction.java:23)
		at com.intellij.openapi.wm.impl.CloseProjectWindowHelper.windowClosing(CloseProjectWindowHelper.kt:64)
		at com.intellij.openapi.wm.impl.ProjectFrameHelper.windowClosing(ProjectFrameHelper.kt:551)
		at com.intellij.openapi.wm.impl.WindowCloseListener.windowClosing(ProjectFrameHelper.kt:591)
		at java.desktop/java.awt.AWTEventMulticaster.windowClosing(AWTEventMulticaster.java:357)
		at java.desktop/java.awt.Window.processWindowEvent(Window.java:2115)
		at java.desktop/javax.swing.JFrame.processWindowEvent(JFrame.java:298)
		at java.desktop/java.awt.Window.processEvent(Window.java:2074)
		at java.desktop/java.awt.Component.dispatchEventImpl(Component.java:5043)
		at java.desktop/java.awt.Container.dispatchEventImpl(Container.java:2324)
		at java.desktop/java.awt.Window.dispatchEventImpl(Window.java:2810)
		at java.desktop/java.awt.Component.dispatchEvent(Component.java:4871)
		at java.desktop/java.awt.EventQueue.dispatchEventImpl(EventQueue.java:783)
		at java.desktop/java.awt.EventQueue$4.run(EventQueue.java:728)
		at java.desktop/java.awt.EventQueue$4.run(EventQueue.java:722)
		at java.base/java.security.AccessController.doPrivileged(AccessController.java:400)
		at java.base/java.security.ProtectionDomain$JavaSecurityAccessImpl.doIntersectionPrivilege(ProtectionDomain.java:87)
		at java.base/java.security.ProtectionDomain$JavaSecurityAccessImpl.doIntersectionPrivilege(ProtectionDomain.java:98)
		at java.desktop/java.awt.EventQueue$5.run(EventQueue.java:755)
		at java.desktop/java.awt.EventQueue$5.run(EventQueue.java:753)
		at java.base/java.security.AccessController.doPrivileged(AccessController.java:400)
		at java.base/java.security.ProtectionDomain$JavaSecurityAccessImpl.doIntersectionPrivilege(ProtectionDomain.java:87)
		at java.desktop/java.awt.EventQueue.dispatchEvent(EventQueue.java:752)
		at com.intellij.ide.IdeEventQueue.defaultDispatchEvent(IdeEventQueue.kt:585)
		at com.intellij.ide.IdeEventQueue._dispatchEvent(IdeEventQueue.kt:482)
		at com.intellij.ide.IdeEventQueue.dispatchEvent$lambda$12$lambda$11$lambda$10$lambda$9(IdeEventQueue.kt:307)
		at com.intellij.openapi.progress.impl.CoreProgressManager.computePrioritized(CoreProgressManager.java:864)
		at com.intellij.ide.IdeEventQueue.dispatchEvent$lambda$12$lambda$11$lambda$10(IdeEventQueue.kt:306)
		at com.intellij.ide.IdeEventQueueKt.performActivity$lambda$3(IdeEventQueue.kt:958)
		at com.intellij.openapi.application.TransactionGuardImpl.performActivity(TransactionGuardImpl.java:117)
		at com.intellij.ide.IdeEventQueueKt.performActivity(IdeEventQueue.kt:958)
		at com.intellij.ide.IdeEventQueue.dispatchEvent$lambda$12(IdeEventQueue.kt:301)
		at com.intellij.ide.IdeEventQueue.dispatchEvent(IdeEventQueue.kt:341)
		at java.desktop/java.awt.EventDispatchThread.pumpOneEventForFilters(EventDispatchThread.java:207)
		at java.desktop/java.awt.EventDispatchThread.pumpEventsForFilter(EventDispatchThread.java:128)
		at java.desktop/java.awt.EventDispatchThread.pumpEventsForHierarchy(EventDispatchThread.java:117)
		at java.desktop/java.awt.EventDispatchThread.pumpEvents(EventDispatchThread.java:113)
		at java.desktop/java.awt.EventDispatchThread.pumpEvents(EventDispatchThread.java:105)
		at java.desktop/java.awt.EventDispatchThread.run(EventDispatchThread.java:92)
IDE is being shut down
2025-08-31 10:56:59,394 [   6140]   WARN - #c.i.s.c.i.StationSocketConnectionLoop - Discovery connection failed with AnnotatedConnectException(ConnectException) (Connection refused: connect: C:\Users\ASUS\AppData\Local\Temp\jb.station.ASUS.sock)
2025-08-31 10:56:59,434 [   6180]   WARN - #c.i.e.w.WslDistributionManager - Failed to run C:\WINDOWS\system32\wsl.exe --list --verbose: {exitCode=1, timeout=false, cancelled=false, stdout=, stderr=El Subsistema de Windows para Linux no está instalado. Para instalar, ejecute "wsl.exe --install".
Para obtener más información, visite https://aka.ms/wslinstall
}, done in 86 ms
java.io.IOException: Failed to run C:\WINDOWS\system32\wsl.exe --list --verbose: {exitCode=1, timeout=false, cancelled=false, stdout=, stderr=El Subsistema de Windows para Linux no está instalado. Para instalar, ejecute "wsl.exe --install".
Para obtener más información, visite https://aka.ms/wslinstall
}, done in 86 ms
	at com.intellij.execution.wsl.WslDistributionManagerImpl.loadInstalledDistributionsWithVersions(WslDistributionManagerImpl.java:85)
	at com.intellij.execution.wsl.WslDistributionManager.loadInstalledDistributions(WslDistributionManager.java:172)
	at com.intellij.execution.wsl.WslDistributionManager.getInstalledDistributions(WslDistributionManager.java:91)
	at com.intellij.execution.wsl.ijent.nio.toggle.IjentWslNioFsToggleStrategy.enableForAllWslDistributions(IjentNioFsStrategy.kt:60)
	at com.intellij.execution.wsl.ijent.nio.toggle.IjentWslNioFsToggler.enableForAllWslDistributions(IjentWslNioFsToggler.kt:43)
	at com.intellij.idea.SystemHealthMonitor.checkEelVmOptions(SystemHealthMonitor.kt:320)
	at com.intellij.idea.SystemHealthMonitor.start$intellij_platform_ide_bootstrap(SystemHealthMonitor.kt:83)
	at com.intellij.idea.SystemHealthMonitor$start$1.invokeSuspend(SystemHealthMonitor.kt)
	at kotlin.coroutines.jvm.internal.BaseContinuationImpl.resumeWith(ContinuationImpl.kt:33)
	at kotlinx.coroutines.DispatchedTask.run(DispatchedTask.kt:104)
	at kotlinx.coroutines.scheduling.CoroutineScheduler.runSafely(CoroutineScheduler.kt:608)
	at kotlinx.coroutines.scheduling.CoroutineScheduler$Worker.executeTask(CoroutineScheduler.kt:873)
	at kotlinx.coroutines.scheduling.CoroutineScheduler$Worker.runWorker(CoroutineScheduler.kt:763)
	at kotlinx.coroutines.scheduling.CoroutineScheduler$Worker.run(CoroutineScheduler.kt:750)
2025-08-31 10:57:04,174 [  10920]   WARN - #c.i.o.a.i.ActionUpdater - 1042 ms to call on BGT FileTemplateSeparator#children@ToolwindowTitle (com.intellij.ide.fileTemplates.actions.FileTemplateSeparator)
2025-08-31 10:58:28,367 [  95113]   WARN - #org.intellij.plugins.markdown.ui.preview.jcef.impl.JcefBrowserPipeImpl - No subscribers for documentReady!
Attached data: 
Starting cer server. Pre-initialize spent 5 ms.
2025-08-31 11:06:42,194 [   3073]   WARN - #c.i.w.i.i.WorkspaceModelMessageDeliveryListener - Long WSM event processing. Topic=WorkspaceModelChangeListener, offender=class com.intellij.jarRepository.RepositoryLibraryChangeListener, message=changed, time=234ms
2025-08-31 11:06:46,006 [   6885]   WARN - #c.i.s.c.i.StationSocketConnectionLoop - Discovery connection failed with AnnotatedConnectException(ConnectException) (Connection refused: connect: C:\Users\ASUS\AppData\Local\Temp\jb.station.ASUS.sock)
2025-08-31 11:06:46,008 [   6887]   WARN - #c.i.e.w.WslDistributionManager - Failed to run C:\WINDOWS\system32\wsl.exe --list --verbose: {exitCode=1, timeout=false, cancelled=false, stdout=, stderr=El Subsistema de Windows para Linux no está instalado. Para instalar, ejecute "wsl.exe --install".
Para obtener más información, visite https://aka.ms/wslinstall
}, done in 89 ms
java.io.IOException: Failed to run C:\WINDOWS\system32\wsl.exe --list --verbose: {exitCode=1, timeout=false, cancelled=false, stdout=, stderr=El Subsistema de Windows para Linux no está instalado. Para instalar, ejecute "wsl.exe --install".
Para obtener más información, visite https://aka.ms/wslinstall
}, done in 89 ms
	at com.intellij.execution.wsl.WslDistributionManagerImpl.loadInstalledDistributionsWithVersions(WslDistributionManagerImpl.java:85)
	at com.intellij.execution.wsl.WslDistributionManager.loadInstalledDistributions(WslDistributionManager.java:172)
	at com.intellij.execution.wsl.WslDistributionManager.getInstalledDistributions(WslDistributionManager.java:91)
	at com.intellij.execution.wsl.ijent.nio.toggle.IjentWslNioFsToggleStrategy.enableForAllWslDistributions(IjentNioFsStrategy.kt:60)
	at com.intellij.execution.wsl.ijent.nio.toggle.IjentWslNioFsToggler.enableForAllWslDistributions(IjentWslNioFsToggler.kt:43)
	at com.intellij.idea.SystemHealthMonitor.checkEelVmOptions(SystemHealthMonitor.kt:320)
	at com.intellij.idea.SystemHealthMonitor.start$intellij_platform_ide_bootstrap(SystemHealthMonitor.kt:83)
	at com.intellij.idea.SystemHealthMonitor$start$1.invokeSuspend(SystemHealthMonitor.kt)
	at kotlin.coroutines.jvm.internal.BaseContinuationImpl.resumeWith(ContinuationImpl.kt:33)
	at kotlinx.coroutines.DispatchedTask.run(DispatchedTask.kt:104)
	at kotlinx.coroutines.scheduling.CoroutineScheduler.runSafely(CoroutineScheduler.kt:608)
	at kotlinx.coroutines.scheduling.CoroutineScheduler$Worker.executeTask(CoroutineScheduler.kt:873)
	at kotlinx.coroutines.scheduling.CoroutineScheduler$Worker.runWorker(CoroutineScheduler.kt:763)
	at kotlinx.coroutines.scheduling.CoroutineScheduler$Worker.run(CoroutineScheduler.kt:750)
2025-08-31 11:06:48,700 [   9579]   WARN - #c.i.o.a.i.ActionUpdater - 1197 ms to call on BGT CreateFxmlFileAction#presentation@ToolwindowTitle (org.jetbrains.plugins.javaFX.actions.CreateFxmlFileAction)
2025-08-31 11:06:52,708 [  13587]   WARN - #org.intellij.plugins.markdown.ui.preview.jcef.impl.JcefBrowserPipeImpl - No subscribers for documentReady!
Attached data: 
